Using pre-set license
Built from '2020.3/release' branch; Version is '2020.3.1f1 (77a89f25062f) revision 7841951'; Using compiler version '192528614'; Build Type 'Release'
OS: 'Windows 10 Home; OS build 19042.928; Version 2009; 64bit' Language: 'nl' Physical Memory: 16227 MB
BatchMode: 1, IsHumanControllingUs: 0, StartBugReporterOnCrash: 0, Is64bit: 1, IsPro: 0

 COMMAND LINE ARGUMENTS:
C:\Program Files\Unity\2020.3.1f1\Editor\Unity.exe
-adb2
-batchMode
-noUpm
-name
AssetImportWorker0
-projectPath
D:/gitrepos/unity/examen
-logFile
Logs/AssetImportWorker0.log
-srvPort
53250
Successfully changed project path to: D:/gitrepos/unity/examen
D:/gitrepos/unity/examen
Using Asset Import Pipeline V2.
Refreshing native plugins compatible for Editor in 21.02 ms, found 0 plugins.
Preloading 0 native plugins for Editor in 0.00 ms.
Initialize engine version: 2020.3.1f1 (77a89f25062f)
[Subsystems] Discovering subsystems at path C:/Program Files/Unity/2020.3.1f1/Editor/Data/Resources/UnitySubsystems
[Subsystems] Discovering subsystems at path D:/gitrepos/unity/examen/Assets
GfxDevice: creating device client; threaded=0
Direct3D:
    Version:  Direct3D 11.0 [level 11.1]
    Renderer: NVIDIA GeForce RTX 2060 (ID=0x1f11)
    Vendor:   
    VRAM:     5980 MB
    Driver:   27.21.14.6611
Initialize mono
Mono path[0] = 'C:/Program Files/Unity/2020.3.1f1/Editor/Data/Managed'
Mono path[1] = 'C:/Program Files/Unity/2020.3.1f1/Editor/Data/MonoBleedingEdge/lib/mono/unityjit'
Mono config path = 'C:/Program Files/Unity/2020.3.1f1/Editor/Data/MonoBleedingEdge/etc'
Using monoOptions --debugger-agent=transport=dt_socket,embedding=1,server=y,suspend=n,address=127.0.0.1:56164
Begin MonoManager ReloadAssembly
Registering precompiled unity dll's ...
Register platform support module: C:/Program Files/Unity/2020.3.1f1/Editor/Data/PlaybackEngines/WindowsStandaloneSupport/UnityEditor.WindowsStandalone.Extensions.dll
Registered in 0.001745 seconds.
Native extension for WindowsStandalone target not found
Refreshing native plugins compatible for Editor in 21.91 ms, found 0 plugins.
Preloading 0 native plugins for Editor in 0.00 ms.
Invoked RoslynAnalysisRunner static constructor.
RoslynAnalysisRunner will not be running.
RoslynAnalysisRunner has terminated.
Mono: successfully reloaded assembly
- Completed reload, in  0.865 seconds
Platform modules already initialized, skipping
Registering precompiled user dll's ...
Registered in 0.000398 seconds.
Begin MonoManager ReloadAssembly
Native extension for WindowsStandalone target not found
Refreshing native plugins compatible for Editor in 0.18 ms, found 0 plugins.
Preloading 0 native plugins for Editor in 0.00 ms.
Invoked RoslynAnalysisRunner static constructor.
RoslynAnalysisRunner will not be running.
RoslynAnalysisRunner has terminated.
Mono: successfully reloaded assembly
- Completed reload, in  0.758 seconds
Platform modules already initialized, skipping
========================================================================
Worker process is ready to serve import requests
Launched and connected shader compiler UnityShaderCompiler.exe after 0.03 seconds
Refreshing native plugins compatible for Editor in 0.24 ms, found 0 plugins.
Preloading 0 native plugins for Editor in 0.00 ms.
Unloading 1113 Unused Serialized files (Serialized files now loaded: 0)
System memory in use before: 56.8 MB.
System memory in use after: 56.9 MB.

Unloading 10 unused Assets to reduce memory usage. Loaded Objects now: 1555.
Total: 1.705500 ms (FindLiveObjects: 0.204900 ms CreateObjectMapping: 0.056800 ms MarkObjects: 1.358700 ms  DeleteObjects: 0.083900 ms)

========================================================================
Received Import Request.
  path: Assets
  artifactKey: Guid(00000000000000001000000000000000) Importer(815301076,1909f56bfc062723c751e8b465ee728b)
Start importing Assets using Guid(00000000000000001000000000000000) Importer(815301076,1909f56bfc062723c751e8b465ee728b)  -> (artifact id: 'a6374019befeac6ce670f13ba9960efb') in 0.007438 seconds
  Import took 0.009125 seconds .

========================================================================
Received Import Request.
  Time since last request: 3.100858 seconds.
  path: Assets/materials
  artifactKey: Guid(f40fa61a0930bb741a569c145733aa3f) Importer(815301076,1909f56bfc062723c751e8b465ee728b)
Start importing Assets/materials using Guid(f40fa61a0930bb741a569c145733aa3f) Importer(815301076,1909f56bfc062723c751e8b465ee728b)  -> (artifact id: 'dc5e7b349e743d2ecc150d7078f0e594') in 0.004705 seconds
  Import took 0.006282 seconds .

========================================================================
Received Import Request.
  Time since last request: 21.694532 seconds.
  path: Assets/materials/Ground.mat
  artifactKey: Guid(dda3bd7909f40d54a9aeb6256797b9fa) Importer(815301076,1909f56bfc062723c751e8b465ee728b)
Start importing Assets/materials/Ground.mat using Guid(dda3bd7909f40d54a9aeb6256797b9fa) Importer(815301076,1909f56bfc062723c751e8b465ee728b)  -> (artifact id: '9c964cd386a70cf06f90b9940d9023a4') in 0.105232 seconds
  Import took 0.107060 seconds .

========================================================================
Received Import Request.
  Time since last request: 54.794283 seconds.
  path: Assets/materials/Walls.mat
  artifactKey: Guid(189b9ae0b3fc08a4fa36914104fe99b2) Importer(815301076,1909f56bfc062723c751e8b465ee728b)
Start importing Assets/materials/Walls.mat using Guid(189b9ae0b3fc08a4fa36914104fe99b2) Importer(815301076,1909f56bfc062723c751e8b465ee728b)  -> (artifact id: '0a706d3862f0efacaf9cf1afe74a843b') in 0.010443 seconds
  Import took 0.012123 seconds .

========================================================================
Received Import Request.
  Time since last request: 31.750401 seconds.
  path: Assets/materials/Ceiling.mat
  artifactKey: Guid(080db1405026d8b459c1a99dd793d393) Importer(815301076,1909f56bfc062723c751e8b465ee728b)
Start importing Assets/materials/Ceiling.mat using Guid(080db1405026d8b459c1a99dd793d393) Importer(815301076,1909f56bfc062723c751e8b465ee728b)  -> (artifact id: 'faa35af73bea2f5f23752855befb3860') in 0.010215 seconds
  Import took 0.011966 seconds .

========================================================================
Received Import Request.
  Time since last request: 2654.624326 seconds.
  path: Assets/materials/light.mat
  artifactKey: Guid(5970a5ce78febfc49b55af1f2b2e70e0) Importer(815301076,1909f56bfc062723c751e8b465ee728b)
Start importing Assets/materials/light.mat using Guid(5970a5ce78febfc49b55af1f2b2e70e0) Importer(815301076,1909f56bfc062723c751e8b465ee728b)  -> (artifact id: '29c97df8059175e501c484494104366b') in 0.023132 seconds
  Import took 0.025389 seconds .

========================================================================
Received Prepare
Registering precompiled user dll's ...
Registered in 0.000438 seconds.
Begin MonoManager ReloadAssembly
Native extension for WindowsStandalone target not found
Refreshing native plugins compatible for Editor in 0.20 ms, found 0 plugins.
Preloading 0 native plugins for Editor in 0.00 ms.
Invoked RoslynAnalysisRunner static constructor.
RoslynAnalysisRunner will not be running.
RoslynAnalysisRunner has terminated.
Mono: successfully reloaded assembly
- Completed reload, in  0.790 seconds
Platform modules already initialized, skipping
Refreshing native plugins compatible for Editor in 0.18 ms, found 0 plugins.
Preloading 0 native plugins for Editor in 0.00 ms.
Unloading 1108 Unused Serialized files (Serialized files now loaded: 0)
System memory in use before: 60.2 MB.
System memory in use after: 60.2 MB.

Unloading 5 unused Assets to reduce memory usage. Loaded Objects now: 1598.
Total: 1.805800 ms (FindLiveObjects: 0.290300 ms CreateObjectMapping: 0.058200 ms MarkObjects: 1.411500 ms  DeleteObjects: 0.042900 ms)

========================================================================
Received Import Request.
  Time since last request: 3236.092566 seconds.
  path: Assets/materials/Ground.mat
  artifactKey: Guid(dda3bd7909f40d54a9aeb6256797b9fa) Importer(815301076,1909f56bfc062723c751e8b465ee728b)
Start importing Assets/materials/Ground.mat using Guid(dda3bd7909f40d54a9aeb6256797b9fa) Importer(815301076,1909f56bfc062723c751e8b465ee728b)  -> (artifact id: '095b735398962decf768ab5398948039') in 0.066584 seconds
  Import took 0.069009 seconds .

========================================================================
Received Import Request.
  Time since last request: 0.000241 seconds.
  path: Assets/materials/Walls and Ceiling.mat
  artifactKey: Guid(189b9ae0b3fc08a4fa36914104fe99b2) Importer(815301076,1909f56bfc062723c751e8b465ee728b)
Start importing Assets/materials/Walls and Ceiling.mat using Guid(189b9ae0b3fc08a4fa36914104fe99b2) Importer(815301076,1909f56bfc062723c751e8b465ee728b)  -> (artifact id: '5cb0a3ce5b125df3bf37c463570bd2b1') in 0.018479 seconds
  Import took 0.020310 seconds .

